<?xml version="1.0" encoding="UTF-8"?>
<testng-results skipped="0" failed="0" total="1" passed="1">
  <reporter-output>
  </reporter-output>
  <suite name="Default suite" duration-ms="43" started-at="2021-02-26T05:20:08Z" finished-at="2021-02-26T05:20:08Z">
    <groups>
    </groups>
    <test name="Default test" duration-ms="43" started-at="2021-02-26T05:20:08Z" finished-at="2021-02-26T05:20:08Z">
      <class name="com.pages.action">
        <test-method status="PASS" signature="asst()[pri:0, instance:com.pages.action@2c767a52]" name="asst" duration-ms="18" started-at="2021-02-26T10:50:08Z" finished-at="2021-02-26T10:50:08Z">
          <reporter-output>
          </reporter-output>
        </test-method> <!-- asst -->
      </class> <!-- com.pages.action -->
    </test> <!-- Default test -->
  </suite> <!-- Default suite -->
</testng-results>
